        -:    0:Source:ActiveObject.cpp
        -:    1:#include "ActiveObject.hpp"
        -:    2:
        -:    3:template<typename T>
        6:    4:ActiveObject<T>::ActiveObject() : running(true) {
        -:    5:    // Start the worker thread
        6:    6:    worker = std::thread([this]() {
       44:    7:        while (true) {
        -:    8:            // Declare a task that consists of a message and its associated function
       25:    9:            std::pair<std::shared_ptr<Message<T>>, std::function<void(std::shared_ptr<Message<T>>)>> task;
        -:   10:            {
        -:   11:                // Lock the mutex to protect access to the task queue
       25:   12:                std::unique_lock<std::mutex> lock(this->mtx);
        -:   13:                
        -:   14:                // Wait until there are tasks in the queue or until we receive a stop signal
       75:   15:                this->cv.wait(lock, [this]() { return !this->tasks.empty() || !running; });
        -:   16:                
        -:   17:                // If running is false and the task queue is empty, exit the loop
       25:   18:                if (!running && this->tasks.empty()) {
       12:   19:                    return;
        -:   20:                }
        -:   21:                
        -:   22:                // Extract the next task from the queue
       19:   23:                task = std::move(this->tasks.front());
       19:   24:                this->tasks.pop();
       25:   25:            }
        -:   26:            
        -:   27:            // Execute the task using the provided function
       19:   28:            task.second(task.first);
        -:   29:        }
        -:   30:    });
        6:   31:}
        -:   32:
        -:   33:template<typename T>
        6:   34:ActiveObject<T>::~ActiveObject() {
        -:   35:    // Stop the worker thread when the object is destroyed
        6:   36:    stop();
        6:   37:}
        -:   38:
        -:   39:template<typename T>
       19:   40:void ActiveObject<T>::send(std::shared_ptr<Message<T>> msg, std::function<void(std::shared_ptr<Message<T>>)> func) {
        -:   41:    {
        -:   42:        // Lock the mutex to safely add a task to the queue
       19:   43:        std::lock_guard<std::mutex> lock(mtx);
        -:   44:        
        -:   45:        // Add the new task (message, function) to the task queue
       19:   46:        tasks.emplace(msg, func);
        -:   47:        
        -:   48:        // Notify one waiting thread (the worker) that a new task is available
       19:   49:        cv.notify_one();
       19:   50:    }
       19:   51:}
        -:   52:
        -:   53:template<typename T>
       12:   54:void ActiveObject<T>::stop() {
        -:   55:    {
        -:   56:        // Lock the mutex and set running to false, signaling the worker to stop
       12:   57:        std::lock_guard<std::mutex> lock(mtx);
       12:   58:        running = false;
        -:   59:        
        -:   60:        // Notify all threads, including the worker waiting for tasks
       12:   61:        cv.notify_all();
       12:   62:    }
        -:   63:    
        -:   64:    // If the worker thread is joinable, wait for it to finish its execution
       12:   65:    if (worker.joinable()) {
        6:   66:        worker.join();
        -:   67:    }
       12:   68:}
        -:   69:
        -:   70:// Explicit instantiation of the template for the type double
        -:   71:template class ActiveObject<double>;
