        -:    0:Source:main.cpp
        -:    1:#include "Server.hpp"
        -:    2:#include <iostream>
        -:    3:
        1:    4:int main(int argc, char* argv[]) {
        1:    5:    int port = 4444; // Default port
        -:    6:
        -:    7:    // If a port number is provided as a command-line argument, use it
        1:    8:    if (argc > 1) {
    #####:    9:        port = std::stoi(argv[1]); // Convert the argument to an integer for the port
        -:   10:    }
        -:   11:
        -:   12:    // Create a Server object with the specified port
        1:   13:    Server server(port);
        -:   14:    
        -:   15:    // Start the server to listen for incoming connections and handle commands
        1:   16:    server.start();    
        -:   17:
        1:   18:    return 0; // Exit the program
        1:   19:}
